<?xml version="1.0" encoding="UTF-8"?>
<!-- Generated by org.testng.reporters.JUnitReportReporter -->
<testsuite skipped="0" hostname="in-madhurvk-1" name="scripts.Home" tests="1" failures="0" timestamp="25 Nov 2019 06:21:08 GMT" time="81.363" errors="0">
  <testcase name="homePageTesting" time="81.363" classname="scripts.Home"/>
</testsuite> <!-- scripts.Home -->
