<?xml version="1.0" encoding="UTF-8"?>
<!-- Generated by org.testng.reporters.JUnitReportReporter -->
<testsuite skipped="0" hostname="in-madhurvk-1" name="com.apd.inteliserve.sanity.Home" tests="1" failures="0" timestamp="25 Nov 2019 06:31:01 GMT" time="75.727" errors="0">
  <testcase name="homePageTesting" time="75.727" classname="com.apd.inteliserve.sanity.Home"/>
</testsuite> <!-- com.apd.inteliserve.sanity.Home -->
