<?xml version="1.0" encoding="UTF-8"?>
<!-- Generated by org.testng.reporters.JUnitReportReporter -->
<testsuite skipped="0" hostname="in-madhurvk-1" name="generics.Home" tests="1" failures="0" timestamp="22 Nov 2019 10:06:50 GMT" time="59.603" errors="0">
  <testcase name="homePageTesting" time="59.603" classname="generics.Home"/>
</testsuite> <!-- generics.Home -->
