<?xml version="1.0" encoding="UTF-8"?>
<!-- Generated by org.testng.reporters.JUnitReportReporter -->
<testsuite skipped="0" hostname="in-madhurvk-1" name="generics.IntelliLogin" tests="1" failures="0" timestamp="22 Nov 2019 07:30:42 GMT" time="93.644" errors="0">
  <testcase name="intelliLogin" time="93.644" classname="generics.IntelliLogin"/>
</testsuite> <!-- generics.IntelliLogin -->
