<?xml version="1.0" encoding="UTF-8"?>
<!-- Generated by org.testng.reporters.JUnitReportReporter -->
<testsuite skipped="0" hostname="in-madhurvk-1" name="generics.CreateTicket" tests="1" failures="0" timestamp="22 Nov 2019 08:09:40 GMT" time="76.305" errors="0">
  <testcase name="createTicket" time="76.305" classname="generics.CreateTicket"/>
</testsuite> <!-- generics.CreateTicket -->
