<?xml version="1.0" encoding="UTF-8"?>
<!-- Generated by org.testng.reporters.JUnitReportReporter -->
<testsuite skipped="0" hostname="in-madhurvk-1" name="scripts.CreateTicket" tests="1" failures="0" timestamp="23 Nov 2019 02:08:14 GMT" time="84.295" errors="0">
  <testcase name="createTicket" time="84.295" classname="scripts.CreateTicket"/>
</testsuite> <!-- scripts.CreateTicket -->
